{"level":"info","message":"Lauch app","timestamp":"2018-01-26T12:31:36.129Z"}
{"level":"info","message":"Lauch app","timestamp":"2018-01-26T13:28:12.309Z"}
{"level":"info","message":"Lauch app","timestamp":"2018-01-26T13:35:32.549Z"}
{"level":"info","message":"Lauch app","timestamp":"2018-01-26T13:36:20.451Z"}
{"level":"info","message":"Lauch app","timestamp":"2018-01-26T13:36:57.883Z"}
{"level":"info","message":"Lauch app","timestamp":"2018-01-26T13:37:36.384Z"}
{"level":"info","message":"Lauch app","timestamp":"2018-01-26T21:37:52.534Z"}
{"level":"info","message":"Lauch app","timestamp":"2018-01-27T09:08:46.098Z"}
{"level":"info","message":"loading finished","timestamp":"2018-01-27T09:09:00.174Z"}
{"level":"info","message":"loading finished","timestamp":"2018-01-27T09:09:11.110Z"}
{"level":"info","message":"loading finished","timestamp":"2018-01-27T09:09:14.874Z"}
{"level":"info","message":"loading finished","timestamp":"2018-01-27T09:13:09.133Z"}
{"level":"info","message":"loading finished","timestamp":"2018-01-27T09:13:11.878Z"}
{"level":"info","message":"open settings window","timestamp":"2018-01-27T09:17:42.877Z"}
{"level":"info","message":"Lauch app","timestamp":"2018-01-27T09:22:12.479Z"}
{"level":"info","message":"open settings window","timestamp":"2018-01-27T09:22:15.676Z"}
{"level":"info","message":"Lauch app","timestamp":"2018-01-27T09:22:51.373Z"}
{"level":"info","message":"open settings window","timestamp":"2018-01-27T09:22:53.986Z"}
{"level":"info","message":"loading finished","timestamp":"2018-01-27T09:42:02.208Z"}
{"level":"info","message":"loading finished","timestamp":"2018-01-27T09:42:03.150Z"}
{"level":"info","message":"loading finished","timestamp":"2018-01-27T09:42:04.160Z"}
{"level":"info","message":"loading finished","timestamp":"2018-01-27T09:43:07.253Z"}
{"level":"info","message":"loading finished","timestamp":"2018-01-27T09:43:55.064Z"}
{"level":"info","message":"No update are availible because the udate systeme are not created (lol)","timestamp":"2018-01-27T09:48:31.610Z"}
{"level":"info","message":"Removing bookmark with id 1","timestamp":"2018-01-27T09:53:03.337Z"}
{"level":"info","message":"Removing bookmark with id 5","timestamp":"2018-01-27T09:53:04.791Z"}
{"level":"info","message":"Removing bookmark with id 6","timestamp":"2018-01-27T09:53:05.361Z"}
{"level":"info","message":"Removing bookmark with id 0","timestamp":"2018-01-27T09:53:05.842Z"}
{"level":"info","message":"Removing bookmark with id 3","timestamp":"2018-01-27T09:53:06.344Z"}
{"level":"info","message":"Removing bookmark with id 2","timestamp":"2018-01-27T09:53:07.297Z"}
{"level":"info","message":"Removing bookmark with id 4","timestamp":"2018-01-27T09:53:08.040Z"}
{"level":"info","message":"No update are availible because the udate systeme are not created (lol)","timestamp":"2018-01-27T10:18:13.066Z"}
{"level":"info","message":"Lauch app","timestamp":"2018-01-27T10:23:39.786Z"}
{"level":"info","message":"open settings window","timestamp":"2018-01-27T10:23:45.035Z"}
{"level":"info","message":"Goodbye !","timestamp":"2018-01-27T10:24:44.545Z"}
{"level":"info","message":"Lauch app","timestamp":"2018-01-27T10:26:52.841Z"}
{"level":"info","message":"Lauch app","timestamp":"2018-01-27T10:27:33.246Z"}
{"level":"info","message":"open settings window","timestamp":"2018-01-27T10:27:37.430Z"}
{"level":"info","message":"Lauch app","timestamp":"2018-01-27T10:28:58.837Z"}
{"level":"info","message":"open settings window","timestamp":"2018-01-27T10:29:02.812Z"}
{"level":"info","message":"Lauch app","timestamp":"2018-01-27T10:29:44.635Z"}
{"level":"info","message":"open settings window","timestamp":"2018-01-27T10:29:50.415Z"}
{"level":"info","message":"Lauch app","timestamp":"2018-01-27T10:31:19.380Z"}
{"level":"info","message":"open settings window","timestamp":"2018-01-27T10:31:22.838Z"}
{"level":"info","message":"open settings window","timestamp":"2018-01-27T10:31:24.871Z"}
{"level":"info","message":"No update are availible because the udate systeme are not created (lol)","timestamp":"2018-01-27T11:25:03.954Z"}
{"level":"info","message":"open settings window","timestamp":"2018-01-27T11:25:04.848Z"}
{"level":"info","message":"open settings window","timestamp":"2018-01-27T11:25:09.221Z"}
{"level":"info","message":"open settings window","timestamp":"2018-01-27T11:25:14.844Z"}
{"level":"info","message":"open settings window","timestamp":"2018-01-27T11:25:21.088Z"}
{"level":"info","message":"Removing bookmark with id 3","timestamp":"2018-01-27T11:32:14.859Z"}
{"level":"info","message":"loading finished","timestamp":"2018-01-27T11:35:13.369Z"}
{"level":"info","message":"Goodbye !","timestamp":"2018-01-27T11:51:56.297Z"}
{"level":"info","message":"Lauch app","timestamp":"2018-01-27T18:14:11.082Z"}
{"level":"info","message":"Removing bookmark with id 2","timestamp":"2018-01-27T18:14:32.847Z"}
{"level":"info","message":"Goodbye !","timestamp":"2018-01-27T19:33:57.337Z"}
{"level":"info","message":"Lauch app","timestamp":"2018-01-27T19:34:10.605Z"}
{"level":"info","message":"loading finished","timestamp":"2018-01-27T19:34:32.200Z"}
{"level":"info","message":"open settings window","timestamp":"2018-01-27T19:34:35.566Z"}
{"level":"info","message":"open settings window","timestamp":"2018-01-27T19:34:38.416Z"}
{"level":"info","message":"No update are availible because the udate systeme are not created (lol)","timestamp":"2018-01-27T19:34:44.879Z"}
{"level":"info","message":"Lauch app","timestamp":"2018-01-27T19:46:00.631Z"}
{"level":"info","message":"Goodbye !","timestamp":"2018-01-27T19:46:57.050Z"}
{"level":"info","message":"Lauch app","timestamp":"2018-01-28T13:23:26.446Z"}
{"level":"info","message":"Lauch app","timestamp":"2018-01-28T13:39:11.223Z"}
{"level":"info","message":"Removing bookmark with id 5","timestamp":"2018-01-28T14:05:11.621Z"}
{"level":"info","message":"Removing bookmark with id 2","timestamp":"2018-01-28T14:10:43.931Z"}
{"level":"info","message":"Removing bookmark with id 2","timestamp":"2018-01-28T14:10:45.632Z"}
{"level":"info","message":"Removing bookmark with id 4","timestamp":"2018-01-28T14:10:49.004Z"}
{"level":"info","message":"Removing bookmark with id 4","timestamp":"2018-01-28T14:11:13.694Z"}
{"level":"info","message":"Removing bookmark with id 2","timestamp":"2018-01-28T14:11:15.558Z"}
{"level":"info","message":"Removing bookmark with id 3","timestamp":"2018-01-28T14:12:32.877Z"}
{"level":"info","message":"Removing bookmark with id 4","timestamp":"2018-01-28T14:13:40.005Z"}
{"level":"info","message":"Removing bookmark with id 2","timestamp":"2018-01-28T14:13:41.628Z"}
{"level":"info","message":"Removing bookmark with id 3","timestamp":"2018-01-28T14:13:42.919Z"}
{"level":"info","message":"Removing bookmark with id 0","timestamp":"2018-01-28T14:13:49.384Z"}
{"level":"info","message":"Removing bookmark with id 1","timestamp":"2018-01-28T14:13:52.837Z"}
{"level":"info","message":"Lauch app","timestamp":"2018-01-28T14:33:54.510Z"}
{"level":"info","message":"Removing bookmark with id 0","timestamp":"2018-01-28T15:14:27.972Z"}
{"level":"info","message":"open settings window","timestamp":"2018-01-28T15:19:30.762Z"}
{"level":"info","message":"Lauch app","timestamp":"2018-01-28T15:24:00.409Z"}
{"level":"info","message":"Removing bookmark with id 1","timestamp":"2018-01-28T15:34:16.803Z"}
{"level":"info","message":"open settings window","timestamp":"2018-01-28T15:40:34.191Z"}
{"level":"info","message":"No update are availible because the udate systeme are not created (lol)","timestamp":"2018-01-28T15:40:36.250Z"}
{"level":"info","message":"Removing bookmark with id 0","timestamp":"2018-01-28T16:17:56.241Z"}
{"level":"info","message":"Removing bookmark with id 0","timestamp":"2018-01-28T16:18:08.312Z"}
{"level":"info","message":"Removing bookmark with id 0","timestamp":"2018-01-28T16:19:27.660Z"}
{"level":"info","message":"Removing bookmark with id 0","timestamp":"2018-01-28T16:19:40.277Z"}
{"level":"info","message":"Removing bookmark with id 2","timestamp":"2018-01-28T16:19:41.874Z"}
{"level":"info","message":"Removing bookmark with id 2","timestamp":"2018-01-28T16:19:44.244Z"}
{"level":"info","message":"Removing bookmark with id 1","timestamp":"2018-01-28T16:19:47.268Z"}
{"level":"info","message":"Removing bookmark with id 0","timestamp":"2018-01-28T16:20:09.412Z"}
{"level":"info","message":"Removing bookmark with id 1","timestamp":"2018-01-28T16:22:26.677Z"}
{"level":"info","message":"Removing bookmark with id 1","timestamp":"2018-01-28T16:23:24.438Z"}
{"level":"info","message":"Removing bookmark with id 0","timestamp":"2018-01-28T16:23:26.834Z"}
{"level":"info","message":"Removing bookmark with id 4","timestamp":"2018-01-28T16:26:25.288Z"}
{"level":"info","message":"Removing bookmark with id 3","timestamp":"2018-01-28T16:26:27.014Z"}
{"level":"info","message":"Removing bookmark with id 2","timestamp":"2018-01-28T16:28:09.691Z"}
{"level":"info","message":"Lauch app","timestamp":"2018-01-31T10:02:59.078Z"}
{"level":"info","message":"No update are availible because the udate systeme are not created (lol)","timestamp":"2018-01-31T10:22:18.139Z"}
{"level":"info","message":"Goodbye !","timestamp":"2018-01-31T10:42:29.953Z"}
{"level":"info","message":"Lauch app","timestamp":"2018-01-31T10:42:34.888Z"}
{"level":"info","message":"No update are availible because the udate systeme are not created (lol)","timestamp":"2018-01-31T10:42:52.379Z"}
{"level":"info","message":"Lauch app","timestamp":"2018-01-31T10:43:57.028Z"}
{"level":"info","message":"Lauch app","timestamp":"2018-02-01T09:09:40.559Z"}
{"level":"info","message":"Lauch app","timestamp":"2018-02-01T10:08:00.727Z"}
{"level":"info","message":"open settings window","timestamp":"2018-02-01T10:08:07.535Z"}
{"level":"info","message":"Lauch app","timestamp":"2018-02-01T12:41:11.230Z"}
{"level":"info","message":"Lauch app","timestamp":"2018-02-01T15:11:17.585Z"}
{"level":"info","message":"open settings window","timestamp":"2018-02-01T15:15:15.694Z"}
{"level":"info","message":"Lauch app","timestamp":"2018-02-02T07:59:55.356Z"}
{"level":"info","message":"Goodbye !","timestamp":"2018-02-02T08:47:58.237Z"}
{"level":"info","message":"Lauch app","timestamp":"2018-02-02T09:06:42.520Z"}
{"level":"info","message":"Goodbye !","timestamp":"2018-02-02T09:08:02.224Z"}
{"level":"info","message":"Lauch app","timestamp":"2018-02-02T10:27:16.741Z"}
{"level":"info","message":"Goodbye !","timestamp":"2018-02-02T10:37:40.789Z"}
{"level":"info","message":"Lauch app","timestamp":"2018-02-02T19:03:02.253Z"}
